16-Aug-2024 23:42:18.765 INFO [main] org.apache.catalina.startup.VersionLoggerListener.log Server version name:   Apache Tomcat/10.1.28
16-Aug-2024 23:42:18.771 INFO [main] org.apache.catalina.startup.VersionLoggerListener.log Server built:          Aug 2 2024 15:14:43 UTC
16-Aug-2024 23:42:18.772 INFO [main] org.apache.catalina.startup.VersionLoggerListener.log Server version number: 10.1.28.0
16-Aug-2024 23:42:18.772 INFO [main] org.apache.catalina.startup.VersionLoggerListener.log OS Name:               Windows 11
16-Aug-2024 23:42:18.772 INFO [main] org.apache.catalina.startup.VersionLoggerListener.log OS Version:            10.0
16-Aug-2024 23:42:18.772 INFO [main] org.apache.catalina.startup.VersionLoggerListener.log Architecture:          amd64
16-Aug-2024 23:42:18.773 INFO [main] org.apache.catalina.startup.VersionLoggerListener.log Java Home:             C:\Program Files\Java\jdk-17.0.2
16-Aug-2024 23:42:18.773 INFO [main] org.apache.catalina.startup.VersionLoggerListener.log JVM Version:           17.0.2+8-LTS-86
16-Aug-2024 23:42:18.773 INFO [main] org.apache.catalina.startup.VersionLoggerListener.log JVM Vendor:            Oracle Corporation
16-Aug-2024 23:42:18.773 INFO [main] org.apache.catalina.startup.VersionLoggerListener.log CATALINA_BASE:         D:\New folder\Day-19\Problem1
16-Aug-2024 23:42:18.774 INFO [main] org.apache.catalina.startup.VersionLoggerListener.log CATALINA_HOME:         C:\Users\Shristi.Saha\Downloads\apache-tomcat-10.1.28-windows-x64\apache-tomcat-10.1.28
16-Aug-2024 23:42:18.806 INFO [main] org.apache.catalina.startup.VersionLoggerListener.log Command line argument: --add-opens=java.base/java.lang=ALL-UNNAMED
16-Aug-2024 23:42:18.806 INFO [main] org.apache.catalina.startup.VersionLoggerListener.log Command line argument: --add-opens=java.base/java.io=ALL-UNNAMED
16-Aug-2024 23:42:18.806 INFO [main] org.apache.catalina.startup.VersionLoggerListener.log Command line argument: --add-opens=java.base/java.util=ALL-UNNAMED
16-Aug-2024 23:42:18.807 INFO [main] org.apache.catalina.startup.VersionLoggerListener.log Command line argument: --add-opens=java.base/java.util.concurrent=ALL-UNNAMED
16-Aug-2024 23:42:18.807 INFO [main] org.apache.catalina.startup.VersionLoggerListener.log Command line argument: --add-opens=java.rmi/sun.rmi.transport=ALL-UNNAMED
16-Aug-2024 23:42:18.807 INFO [main] org.apache.catalina.startup.VersionLoggerListener.log Command line argument: -Dcatalina.home=C:\Users\Shristi.Saha\Downloads\apache-tomcat-10.1.28-windows-x64\apache-tomcat-10.1.28
16-Aug-2024 23:42:18.807 INFO [main] org.apache.catalina.startup.VersionLoggerListener.log Command line argument: -Dcatalina.base=D:\New folder\Day-19\Problem1
16-Aug-2024 23:42:18.807 INFO [main] org.apache.catalina.startup.VersionLoggerListener.log Command line argument: -Djava.io.tmpdir=D:\New folder\Day-19\Problem1\temp
16-Aug-2024 23:42:18.807 INFO [main] org.apache.catalina.startup.VersionLoggerListener.log Command line argument: -Djava.util.logging.config.file=D:\New folder\Day-19\Problem1\conf\logging.properties
16-Aug-2024 23:42:18.808 INFO [main] org.apache.catalina.startup.VersionLoggerListener.log Command line argument: -Djava.util.logging.manager=org.apache.juli.ClassLoaderLogManager
16-Aug-2024 23:42:18.808 INFO [main] org.apache.catalina.startup.VersionLoggerListener.log Command line argument: -javaagent:C:\Program Files\JetBrains\IntelliJ IDEA Community Edition 2024.1.2\lib\idea_rt.jar=55997:C:\Program Files\JetBrains\IntelliJ IDEA Community Edition 2024.1.2\bin
16-Aug-2024 23:42:18.808 INFO [main] org.apache.catalina.startup.VersionLoggerListener.log Command line argument: -Dfile.encoding=UTF-8
16-Aug-2024 23:42:18.816 INFO [main] org.apache.catalina.core.AprLifecycleListener.lifecycleEvent Loaded Apache Tomcat Native library [2.0.8] using APR version [1.7.4].
16-Aug-2024 23:42:18.827 INFO [main] org.apache.catalina.core.AprLifecycleListener.initializeSSL OpenSSL successfully initialized [OpenSSL 3.0.14 4 Jun 2024]
16-Aug-2024 23:42:19.209 INFO [main] org.apache.coyote.AbstractProtocol.init Initializing ProtocolHandler ["http-nio-8080"]
16-Aug-2024 23:42:19.232 INFO [main] org.apache.catalina.startup.Catalina.load Server initialization in [727] milliseconds
16-Aug-2024 23:42:19.274 INFO [main] org.apache.catalina.core.StandardService.startInternal Starting service [Catalina]
16-Aug-2024 23:42:19.274 INFO [main] org.apache.catalina.core.StandardEngine.startInternal Starting Servlet engine: [Apache Tomcat/10.1.28]
16-Aug-2024 23:42:19.288 INFO [main] org.apache.catalina.startup.HostConfig.deployDescriptor Deploying deployment descriptor [D:\New folder\Day-19\Problem1\conf\Catalina\localhost\Problem1.xml]
16-Aug-2024 23:42:20.062 INFO [main] org.apache.jasper.servlet.TldScanner.scanJars At least one JAR was scanned for TLDs yet contained no TLDs. Enable debug logging for this logger for a complete list of JARs that were scanned but no TLDs were found in them. Skipping unneeded JARs during scanning can improve startup time and JSP compilation time.
16-Aug-2024 23:42:20.172 INFO [main] org.apache.catalina.startup.HostConfig.deployDescriptor Deployment of deployment descriptor [D:\New folder\Day-19\Problem1\conf\Catalina\localhost\Problem1.xml] has finished in [884] ms
16-Aug-2024 23:42:20.178 INFO [main] org.apache.coyote.AbstractProtocol.start Starting ProtocolHandler ["http-nio-8080"]
16-Aug-2024 23:42:20.264 INFO [main] org.apache.catalina.startup.Catalina.start Server startup in [1031] milliseconds
16-Aug-2024 23:42:58.665 INFO [Thread-1] org.apache.coyote.AbstractProtocol.pause Pausing ProtocolHandler ["http-nio-8080"]
16-Aug-2024 23:42:59.213 INFO [Thread-1] org.apache.catalina.core.StandardService.stopInternal Stopping service [Catalina]
16-Aug-2024 23:42:59.222 INFO [Thread-1] org.apache.coyote.AbstractProtocol.stop Stopping ProtocolHandler ["http-nio-8080"]
16-Aug-2024 23:42:59.225 INFO [Thread-1] org.apache.coyote.AbstractProtocol.destroy Destroying ProtocolHandler ["http-nio-8080"]
